I:\CSCE_315\NEW\RDBMS_ENGINE\RDBMS_ENGINE\DEBUG\ATTRIBUTE.OBJ
I:\CSCE_315\NEW\RDBMS_ENGINE\RDBMS_ENGINE\DEBUG\CONDITION.OBJ
I:\CSCE_315\NEW\RDBMS_ENGINE\RDBMS_ENGINE\DEBUG\DATABASE.OBJ
I:\CSCE_315\NEW\RDBMS_ENGINE\RDBMS_ENGINE\DEBUG\ENTITY.OBJ
I:\CSCE_315\NEW\RDBMS_ENGINE\RDBMS_ENGINE\DEBUG\EXPRESSION.OBJ
I:\CSCE_315\NEW\RDBMS_ENGINE\RDBMS_ENGINE\DEBUG\PARSER.OBJ
I:\CSCE_315\NEW\RDBMS_ENGINE\RDBMS_ENGINE\DEBUG\TABLE.OBJ
I:\CSCE_315\NEW\RDBMS_ENGINE\RDBMS_ENGINE\DEBUG\VC110.PDB
I:\CSCE_315\NEW\RDBMS_ENGINE\DEBUG\RDBMS_ENGINE.LIB
I:\CSCE_315\NEW\rdbms_engine\rdbms_engine\Debug\Expression.obj
I:\CSCE_315\NEW\rdbms_engine\rdbms_engine\Debug\Parser.obj
I:\CSCE_315\NEW\rdbms_engine\rdbms_engine\Debug\Condition.obj
I:\CSCE_315\NEW\rdbms_engine\rdbms_engine\Debug\attribute.obj
I:\CSCE_315\NEW\rdbms_engine\rdbms_engine\Debug\entity.obj
I:\CSCE_315\NEW\rdbms_engine\rdbms_engine\Debug\Database.obj
I:\CSCE_315\NEW\rdbms_engine\rdbms_engine\Debug\Table.obj
I:\CSCE_315\NEW\rdbms_engine\rdbms_engine\Debug\CL.read.3.tlog
I:\CSCE_315\NEW\rdbms_engine\rdbms_engine\Debug\Lib.read.2.tlog
I:\CSCE_315\NEW\rdbms_engine\rdbms_engine\Debug\cl.command.1.tlog
I:\CSCE_315\NEW\rdbms_engine\rdbms_engine\Debug\Lib-link.read.1.tlog
I:\CSCE_315\NEW\rdbms_engine\rdbms_engine\Debug\CL.write.1.tlog
I:\CSCE_315\NEW\rdbms_engine\rdbms_engine\Debug\CL.read.2.tlog
I:\CSCE_315\NEW\rdbms_engine\rdbms_engine\Debug\Lib-link.read.2.tlog
I:\CSCE_315\NEW\rdbms_engine\rdbms_engine\Debug\Lib.read.1.tlog
I:\CSCE_315\NEW\rdbms_engine\rdbms_engine\Debug\CL.read.1.tlog
I:\CSCE_315\NEW\rdbms_engine\rdbms_engine\Debug\Lib-link.write.1.tlog
I:\CSCE_315\NEW\rdbms_engine\rdbms_engine\Debug\lib.command.1.tlog
I:\CSCE_315\NEW\rdbms_engine\rdbms_engine\Debug\vc110.idb
I:\CSCE_315\NEW\rdbms_engine\rdbms_engine\Debug\vc110.pdb
I:\CSCE_315\NEW\rdbms_engine\Debug\rdbms_engine.lib
