I:\CSCE_315\NEW\RDBMS_ENGINE\DEBUG\RDBMS_MAIN.ILK
I:\CSCE_315\NEW\RDBMS_ENGINE\DEBUG\RDBMS_MAIN.EXE
I:\CSCE_315\NEW\RDBMS_ENGINE\DEBUG\RDBMS_MAIN.PDB
I:\CSCE_315\NEW\RDBMS_ENGINE\RDBMS_MAIN\DEBUG\VC110.PDB
I:\CSCE_315\NEW\RDBMS_ENGINE\RDBMS_MAIN\DEBUG\MAIN.OBJ
I:\CSCE_315\NEW\rdbms_engine\rdbms_main\Debug\rdbms_main.vcxprojResolveAssemblyReference.cache
I:\CSCE_315\NEW\rdbms_engine\rdbms_main\Debug\Main.obj
I:\CSCE_315\NEW\rdbms_engine\rdbms_main\Debug\link.4280.read.2.tlog
I:\CSCE_315\NEW\rdbms_engine\rdbms_main\Debug\link.1576-rc.write.1.tlog
I:\CSCE_315\NEW\rdbms_engine\rdbms_main\Debug\link.1576.read.2.tlog
I:\CSCE_315\NEW\rdbms_engine\rdbms_main\Debug\link-cvtres.write.1.tlog
I:\CSCE_315\NEW\rdbms_engine\rdbms_main\Debug\link.4280-rc.write.1.tlog
I:\CSCE_315\NEW\rdbms_engine\rdbms_main\Debug\link.read.1.tlog
I:\CSCE_315\NEW\rdbms_engine\rdbms_main\Debug\link-rc.read.2.tlog
I:\CSCE_315\NEW\rdbms_engine\rdbms_main\Debug\link.read.5.tlog
I:\CSCE_315\NEW\rdbms_engine\rdbms_main\Debug\link.4444-cvtres.read.1.tlog
I:\CSCE_315\NEW\rdbms_engine\rdbms_main\Debug\link.4444.read.1.tlog
I:\CSCE_315\NEW\rdbms_engine\rdbms_main\Debug\link.4280-cvtres.write.1.tlog
I:\CSCE_315\NEW\rdbms_engine\rdbms_main\Debug\link.4444-rc.write.1.tlog
I:\CSCE_315\NEW\rdbms_engine\rdbms_main\Debug\link.6852.write.1.tlog
I:\CSCE_315\NEW\rdbms_engine\rdbms_main\Debug\link.6852.read.3.tlog
I:\CSCE_315\NEW\rdbms_engine\rdbms_main\Debug\link.4444-cvtres.write.1.tlog
I:\CSCE_315\NEW\rdbms_engine\rdbms_main\Debug\link.4444-rc.read.1.tlog
I:\CSCE_315\NEW\rdbms_engine\rdbms_main\Debug\cl.command.1.tlog
I:\CSCE_315\NEW\rdbms_engine\rdbms_main\Debug\CL.read.2.tlog
I:\CSCE_315\NEW\rdbms_engine\rdbms_main\Debug\link.4280-cvtres.read.1.tlog
I:\CSCE_315\NEW\rdbms_engine\rdbms_main\Debug\link.1576.write.1.tlog
I:\CSCE_315\NEW\rdbms_engine\rdbms_main\Debug\link-rc.read.1.tlog
I:\CSCE_315\NEW\rdbms_engine\rdbms_main\Debug\link.read.2.tlog
I:\CSCE_315\NEW\rdbms_engine\rdbms_main\Debug\link.6852-rc.write.1.tlog
I:\CSCE_315\NEW\rdbms_engine\rdbms_main\Debug\link.4444.write.1.tlog
I:\CSCE_315\NEW\rdbms_engine\rdbms_main\Debug\link.write.1.tlog
I:\CSCE_315\NEW\rdbms_engine\rdbms_main\Debug\link.4444.read.2.tlog
I:\CSCE_315\NEW\rdbms_engine\rdbms_main\Debug\link.4280.read.1.tlog
I:\CSCE_315\NEW\rdbms_engine\rdbms_main\Debug\link.1576-cvtres.read.1.tlog
I:\CSCE_315\NEW\rdbms_engine\rdbms_main\Debug\link.6852.read.1.tlog
I:\CSCE_315\NEW\rdbms_engine\rdbms_main\Debug\link.1576-rc.read.1.tlog
I:\CSCE_315\NEW\rdbms_engine\rdbms_main\Debug\CL.write.1.tlog
I:\CSCE_315\NEW\rdbms_engine\rdbms_main\Debug\link.1576.read.1.tlog
I:\CSCE_315\NEW\rdbms_engine\rdbms_main\Debug\link.6852-cvtres.read.1.tlog
I:\CSCE_315\NEW\rdbms_engine\rdbms_main\Debug\link.1576-cvtres.write.1.tlog
I:\CSCE_315\NEW\rdbms_engine\rdbms_main\Debug\CL.read.1.tlog
I:\CSCE_315\NEW\rdbms_engine\rdbms_main\Debug\link.6852-rc.read.1.tlog
I:\CSCE_315\NEW\rdbms_engine\rdbms_main\Debug\link.command.1.tlog
I:\CSCE_315\NEW\rdbms_engine\rdbms_main\Debug\link.4280.write.1.tlog
I:\CSCE_315\NEW\rdbms_engine\rdbms_main\Debug\link-cvtres.read.1.tlog
I:\CSCE_315\NEW\rdbms_engine\rdbms_main\Debug\link-rc.write.1.tlog
I:\CSCE_315\NEW\rdbms_engine\rdbms_main\Debug\link.6852-cvtres.write.1.tlog
I:\CSCE_315\NEW\rdbms_engine\rdbms_main\Debug\link.4280-rc.read.1.tlog
I:\CSCE_315\NEW\rdbms_engine\rdbms_main\Debug\vc110.idb
I:\CSCE_315\NEW\rdbms_engine\rdbms_main\Debug\vc110.pdb
I:\CSCE_315\NEW\rdbms_engine\Debug\rdbms_main.pdb
I:\CSCE_315\NEW\rdbms_engine\Debug\rdbms_main.exe
I:\CSCE_315\NEW\rdbms_engine\Debug\rdbms_main.ilk
